2026-05-18 11:06:44,225 [INFO] ============================================================
2026-05-18 11:06:44,225 [INFO] URBAN DATA EXPLORER — PIPELINE COMPLET
2026-05-18 11:06:44,225 [INFO] Démarrage : 2026-05-18T11:06:44.225258
2026-05-18 11:06:44,225 [INFO] ============================================================
2026-05-18 11:06:44,225 [INFO] 
[1/3] INGESTION — Zone Bronze
2026-05-18 11:06:47,375 [INFO] NumExpr defaulting to 8 threads.
2026-05-18 11:06:47,850 [INFO] ==================================================
2026-05-18 11:06:47,850 [INFO] ZONE BRONZE — DÉMARRAGE INGESTION
2026-05-18 11:06:47,850 [INFO] Timestamp : 2026-05-18T11:06:47.850105
2026-05-18 11:06:47,850 [INFO] ==================================================
2026-05-18 11:06:47,850 [INFO] DVF → Paris 1ème (code 75101)...
2026-05-18 11:06:47,924 [ERROR]   → Erreur arrondissement 1 : HTTPSConnectionPool(host='api.dvf.etalab.gouv.fr', port=443): Max retries exceeded with url: /geoapi/mutations/?code_commune=75101&nature_mutation=Vente&type_local=Appartement&page_size=500 (Caused by NameResolutionError("<urllib3.connection.HTTPSConnection object at 0x12926a7b0>: Failed to resolve 'api.dvf.etalab.gouv.fr' ([Errno 8] nodename nor servname provided, or not known)"))
2026-05-18 11:06:47,924 [INFO] DVF → Paris 2ème (code 75102)...
2026-05-18 11:06:47,926 [ERROR]   → Erreur arrondissement 2 : HTTPSConnectionPool(host='api.dvf.etalab.gouv.fr', port=443): Max retries exceeded with url: /geoapi/mutations/?code_commune=75102&nature_mutation=Vente&type_local=Appartement&page_size=500 (Caused by NameResolutionError("<urllib3.connection.HTTPSConnection object at 0x12935c690>: Failed to resolve 'api.dvf.etalab.gouv.fr' ([Errno 8] nodename nor servname provided, or not known)"))
2026-05-18 11:06:47,926 [INFO] DVF → Paris 3ème (code 75103)...
2026-05-18 11:06:47,927 [ERROR]   → Erreur arrondissement 3 : HTTPSConnectionPool(host='api.dvf.etalab.gouv.fr', port=443): Max retries exceeded with url: /geoapi/mutations/?code_commune=75103&nature_mutation=Vente&type_local=Appartement&page_size=500 (Caused by NameResolutionError("<urllib3.connection.HTTPSConnection object at 0x12935d090>: Failed to resolve 'api.dvf.etalab.gouv.fr' ([Errno 8] nodename nor servname provided, or not known)"))
2026-05-18 11:06:47,927 [INFO] DVF → Paris 4ème (code 75104)...
2026-05-18 11:06:47,928 [ERROR]   → Erreur arrondissement 4 : HTTPSConnectionPool(host='api.dvf.etalab.gouv.fr', port=443): Max retries exceeded with url: /geoapi/mutations/?code_commune=75104&nature_mutation=Vente&type_local=Appartement&page_size=500 (Caused by NameResolutionError("<urllib3.connection.HTTPSConnection object at 0x12935d450>: Failed to resolve 'api.dvf.etalab.gouv.fr' ([Errno 8] nodename nor servname provided, or not known)"))
2026-05-18 11:06:47,928 [INFO] DVF → Paris 5ème (code 75105)...
2026-05-18 11:06:47,929 [ERROR]   → Erreur arrondissement 5 : HTTPSConnectionPool(host='api.dvf.etalab.gouv.fr', port=443): Max retries exceeded with url: /geoapi/mutations/?code_commune=75105&nature_mutation=Vente&type_local=Appartement&page_size=500 (Caused by NameResolutionError("<urllib3.connection.HTTPSConnection object at 0x12935d810>: Failed to resolve 'api.dvf.etalab.gouv.fr' ([Errno 8] nodename nor servname provided, or not known)"))
2026-05-18 11:06:47,929 [INFO] DVF → Paris 6ème (code 75106)...
2026-05-18 11:06:47,930 [ERROR]   → Erreur arrondissement 6 : HTTPSConnectionPool(host='api.dvf.etalab.gouv.fr', port=443): Max retries exceeded with url: /geoapi/mutations/?code_commune=75106&nature_mutation=Vente&type_local=Appartement&page_size=500 (Caused by NameResolutionError("<urllib3.connection.HTTPSConnection object at 0x12935dbd0>: Failed to resolve 'api.dvf.etalab.gouv.fr' ([Errno 8] nodename nor servname provided, or not known)"))
2026-05-18 11:06:47,930 [INFO] DVF → Paris 7ème (code 75107)...
2026-05-18 11:06:47,931 [ERROR]   → Erreur arrondissement 7 : HTTPSConnectionPool(host='api.dvf.etalab.gouv.fr', port=443): Max retries exceeded with url: /geoapi/mutations/?code_commune=75107&nature_mutation=Vente&type_local=Appartement&page_size=500 (Caused by NameResolutionError("<urllib3.connection.HTTPSConnection object at 0x12935df90>: Failed to resolve 'api.dvf.etalab.gouv.fr' ([Errno 8] nodename nor servname provided, or not known)"))
2026-05-18 11:06:47,931 [INFO] DVF → Paris 8ème (code 75108)...
2026-05-18 11:06:47,932 [ERROR]   → Erreur arrondissement 8 : HTTPSConnectionPool(host='api.dvf.etalab.gouv.fr', port=443): Max retries exceeded with url: /geoapi/mutations/?code_commune=75108&nature_mutation=Vente&type_local=Appartement&page_size=500 (Caused by NameResolutionError("<urllib3.connection.HTTPSConnection object at 0x1292cbed0>: Failed to resolve 'api.dvf.etalab.gouv.fr' ([Errno 8] nodename nor servname provided, or not known)"))
2026-05-18 11:06:47,932 [INFO] DVF → Paris 9ème (code 75109)...
2026-05-18 11:06:47,933 [ERROR]   → Erreur arrondissement 9 : HTTPSConnectionPool(host='api.dvf.etalab.gouv.fr', port=443): Max retries exceeded with url: /geoapi/mutations/?code_commune=75109&nature_mutation=Vente&type_local=Appartement&page_size=500 (Caused by NameResolutionError("<urllib3.connection.HTTPSConnection object at 0x1292cb9d0>: Failed to resolve 'api.dvf.etalab.gouv.fr' ([Errno 8] nodename nor servname provided, or not known)"))
2026-05-18 11:06:47,933 [INFO] DVF → Paris 10ème (code 75110)...
2026-05-18 11:06:47,934 [ERROR]   → Erreur arrondissement 10 : HTTPSConnectionPool(host='api.dvf.etalab.gouv.fr', port=443): Max retries exceeded with url: /geoapi/mutations/?code_commune=75110&nature_mutation=Vente&type_local=Appartement&page_size=500 (Caused by NameResolutionError("<urllib3.connection.HTTPSConnection object at 0x1292cb610>: Failed to resolve 'api.dvf.etalab.gouv.fr' ([Errno 8] nodename nor servname provided, or not known)"))
2026-05-18 11:06:47,934 [INFO] DVF → Paris 11ème (code 75111)...
2026-05-18 11:06:47,935 [ERROR]   → Erreur arrondissement 11 : HTTPSConnectionPool(host='api.dvf.etalab.gouv.fr', port=443): Max retries exceeded with url: /geoapi/mutations/?code_commune=75111&nature_mutation=Vente&type_local=Appartement&page_size=500 (Caused by NameResolutionError("<urllib3.connection.HTTPSConnection object at 0x1292cb750>: Failed to resolve 'api.dvf.etalab.gouv.fr' ([Errno 8] nodename nor servname provided, or not known)"))
2026-05-18 11:06:47,935 [INFO] DVF → Paris 12ème (code 75112)...
2026-05-18 11:06:47,937 [ERROR]   → Erreur arrondissement 12 : HTTPSConnectionPool(host='api.dvf.etalab.gouv.fr', port=443): Max retries exceeded with url: /geoapi/mutations/?code_commune=75112&nature_mutation=Vente&type_local=Appartement&page_size=500 (Caused by NameResolutionError("<urllib3.connection.HTTPSConnection object at 0x1292ca850>: Failed to resolve 'api.dvf.etalab.gouv.fr' ([Errno 8] nodename nor servname provided, or not known)"))
2026-05-18 11:06:47,937 [INFO] DVF → Paris 13ème (code 75113)...
2026-05-18 11:06:47,937 [ERROR]   → Erreur arrondissement 13 : HTTPSConnectionPool(host='api.dvf.etalab.gouv.fr', port=443): Max retries exceeded with url: /geoapi/mutations/?code_commune=75113&nature_mutation=Vente&type_local=Appartement&page_size=500 (Caused by NameResolutionError("<urllib3.connection.HTTPSConnection object at 0x1292cad50>: Failed to resolve 'api.dvf.etalab.gouv.fr' ([Errno 8] nodename nor servname provided, or not known)"))
2026-05-18 11:06:47,937 [INFO] DVF → Paris 14ème (code 75114)...
2026-05-18 11:06:47,939 [ERROR]   → Erreur arrondissement 14 : HTTPSConnectionPool(host='api.dvf.etalab.gouv.fr', port=443): Max retries exceeded with url: /geoapi/mutations/?code_commune=75114&nature_mutation=Vente&type_local=Appartement&page_size=500 (Caused by NameResolutionError("<urllib3.connection.HTTPSConnection object at 0x12937c190>: Failed to resolve 'api.dvf.etalab.gouv.fr' ([Errno 8] nodename nor servname provided, or not known)"))
2026-05-18 11:06:47,939 [INFO] DVF → Paris 15ème (code 75115)...
2026-05-18 11:06:47,939 [ERROR]   → Erreur arrondissement 15 : HTTPSConnectionPool(host='api.dvf.etalab.gouv.fr', port=443): Max retries exceeded with url: /geoapi/mutations/?code_commune=75115&nature_mutation=Vente&type_local=Appartement&page_size=500 (Caused by NameResolutionError("<urllib3.connection.HTTPSConnection object at 0x12937c550>: Failed to resolve 'api.dvf.etalab.gouv.fr' ([Errno 8] nodename nor servname provided, or not known)"))
2026-05-18 11:06:47,939 [INFO] DVF → Paris 16ème (code 75116)...
2026-05-18 11:06:47,940 [ERROR]   → Erreur arrondissement 16 : HTTPSConnectionPool(host='api.dvf.etalab.gouv.fr', port=443): Max retries exceeded with url: /geoapi/mutations/?code_commune=75116&nature_mutation=Vente&type_local=Appartement&page_size=500 (Caused by NameResolutionError("<urllib3.connection.HTTPSConnection object at 0x12937c910>: Failed to resolve 'api.dvf.etalab.gouv.fr' ([Errno 8] nodename nor servname provided, or not known)"))
2026-05-18 11:06:47,940 [INFO] DVF → Paris 17ème (code 75117)...
2026-05-18 11:06:47,941 [ERROR]   → Erreur arrondissement 17 : HTTPSConnectionPool(host='api.dvf.etalab.gouv.fr', port=443): Max retries exceeded with url: /geoapi/mutations/?code_commune=75117&nature_mutation=Vente&type_local=Appartement&page_size=500 (Caused by NameResolutionError("<urllib3.connection.HTTPSConnection object at 0x12937ccd0>: Failed to resolve 'api.dvf.etalab.gouv.fr' ([Errno 8] nodename nor servname provided, or not known)"))
2026-05-18 11:06:47,941 [INFO] DVF → Paris 18ème (code 75118)...
2026-05-18 11:06:47,943 [ERROR]   → Erreur arrondissement 18 : HTTPSConnectionPool(host='api.dvf.etalab.gouv.fr', port=443): Max retries exceeded with url: /geoapi/mutations/?code_commune=75118&nature_mutation=Vente&type_local=Appartement&page_size=500 (Caused by NameResolutionError("<urllib3.connection.HTTPSConnection object at 0x12937d090>: Failed to resolve 'api.dvf.etalab.gouv.fr' ([Errno 8] nodename nor servname provided, or not known)"))
2026-05-18 11:06:47,943 [INFO] DVF → Paris 19ème (code 75119)...
2026-05-18 11:06:47,943 [ERROR]   → Erreur arrondissement 19 : HTTPSConnectionPool(host='api.dvf.etalab.gouv.fr', port=443): Max retries exceeded with url: /geoapi/mutations/?code_commune=75119&nature_mutation=Vente&type_local=Appartement&page_size=500 (Caused by NameResolutionError("<urllib3.connection.HTTPSConnection object at 0x12937d450>: Failed to resolve 'api.dvf.etalab.gouv.fr' ([Errno 8] nodename nor servname provided, or not known)"))
2026-05-18 11:06:47,943 [INFO] DVF → Paris 20ème (code 75120)...
2026-05-18 11:06:47,945 [ERROR]   → Erreur arrondissement 20 : HTTPSConnectionPool(host='api.dvf.etalab.gouv.fr', port=443): Max retries exceeded with url: /geoapi/mutations/?code_commune=75120&nature_mutation=Vente&type_local=Appartement&page_size=500 (Caused by NameResolutionError("<urllib3.connection.HTTPSConnection object at 0x12937d810>: Failed to resolve 'api.dvf.etalab.gouv.fr' ([Errno 8] nodename nor servname provided, or not known)"))
2026-05-18 11:06:47,945 [WARNING] Aucune donnée DVF récupérée.
2026-05-18 11:06:47,947 [INFO] Logements sociaux → OpenData Paris...
2026-05-18 11:06:48,360 [INFO] Logements sociaux → 4174 lignes
2026-05-18 11:06:48,361 [INFO] GeoJSON arrondissements → OpenData Paris...
2026-05-18 11:06:48,519 [INFO] GeoJSON → 20 features
2026-05-18 11:06:48,520 [INFO] Revenus INSEE Filosofi 2020...
2026-05-18 11:06:48,662 [ERROR] Erreur INSEE Filosofi : 404 Client Error: NOT FOUND for url: https://www.data.gouv.fr/api/1/datasets/r/6036e084-18ab-4b38-9c25-0a24b2f7c461
2026-05-18 11:06:48,663 [INFO] Crimes & délits → SSMSI data.gouv.fr...
2026-05-18 11:06:48,772 [ERROR] Erreur crimes : 404 Client Error: NOT FOUND for url: https://www.data.gouv.fr/api/1/datasets/r/acb28ade-5042-40e6-a558-e88618ce7b9b
2026-05-18 11:06:48,774 [INFO] ==================================================
2026-05-18 11:06:48,774 [INFO] ZONE BRONZE — INGESTION TERMINÉE
2026-05-18 11:06:48,775 [INFO] ==================================================
2026-05-18 11:06:48,775 [INFO]   DVF           : FALLBACK GOLD
2026-05-18 11:06:48,775 [INFO]   GeoJSON       : OK
2026-05-18 11:06:48,775 [INFO]   Log. sociaux  : OK
2026-05-18 11:06:48,775 [INFO]   INSEE revenus : ERREUR
2026-05-18 11:06:48,775 [INFO]   Crimes SSMSI  : ERREUR
2026-05-18 11:06:48,775 [INFO] 
[2/3] NETTOYAGE — Zone Silver
2026-05-18 11:06:48,780 [INFO] ==================================================
2026-05-18 11:06:48,780 [INFO] ZONE SILVER — DÉMARRAGE NETTOYAGE
2026-05-18 11:06:48,780 [INFO] ==================================================
2026-05-18 11:06:48,780 [WARNING] Fichier DVF absent : data/bronze/dvf_paris.csv
2026-05-18 11:06:48,781 [INFO] Nettoyage logements sociaux...
2026-05-18 11:06:49,050 [INFO] Logements sociaux silver → data/silver/logements_sociaux_clean.parquet (4174 lignes)
2026-05-18 11:06:49,050 [WARNING] Fichier revenus INSEE absent : data/bronze/revenus_paris.csv
2026-05-18 11:06:49,050 [INFO] Nettoyage GeoJSON arrondissements...
2026-05-18 11:06:49,069 [INFO] GeoJSON silver → data/silver/arrondissements_clean.geojson
2026-05-18 11:06:49,070 [INFO] ==================================================
2026-05-18 11:06:49,070 [INFO] ZONE SILVER — NETTOYAGE TERMINÉ
2026-05-18 11:06:49,070 [INFO] ==================================================
2026-05-18 11:06:49,070 [INFO]   Nettoyage terminé.
2026-05-18 11:06:49,070 [INFO] 
[3/3] AGRÉGATION — Zone Gold
2026-05-18 11:06:49,072 [INFO] ==================================================
2026-05-18 11:06:49,072 [INFO] ZONE GOLD — DÉMARRAGE AGRÉGATION
2026-05-18 11:06:49,072 [INFO] ==================================================
2026-05-18 11:06:49,072 [WARNING] DVF silver absent — utilisation des données gold pré-calculées.
2026-05-18 11:06:49,072 [WARNING] DVF vide, agrégation ignorée.
2026-05-18 11:06:49,074 [INFO] Gold JSON → data/gold/arrondissements_enrichis.json
2026-05-18 11:06:49,077 [INFO] Gold Parquet → data/gold/arrondissements_enrichis.parquet
2026-05-18 11:06:49,077 [INFO] ==================================================
2026-05-18 11:06:49,077 [INFO] ZONE GOLD — AGRÉGATION TERMINÉE
2026-05-18 11:06:49,077 [INFO] ==================================================
2026-05-18 11:06:49,077 [INFO]   Gold produit : 20 arrondissements.
2026-05-18 11:06:49,077 [INFO] 
============================================================
2026-05-18 11:06:49,077 [INFO] PIPELINE TERMINÉ
2026-05-18 11:06:49,077 [INFO] Durée totale : 4.9s
2026-05-18 11:06:49,077 [INFO] Données disponibles dans : data/gold/arrondissements_enrichis.json
2026-05-18 11:06:49,077 [INFO] Lancer l'API : uvicorn api.main:app --reload --port 8000
2026-05-18 11:06:49,077 [INFO] ============================================================
